app/build/intermediates/manifest_merge_blame_file/release/manifest-merger-blame-release-report.txt
1<?xml version="1.0" encoding="utf-8"?>
2<manifest xmlns:android="http://schemas.android.com/apk/res/android"
3    package="com.example.androidproject"
4    android:versionCode="1"
5    android:versionName="1.0" >
6
7    <uses-sdk
8        android:minSdkVersion="31"
8-->src\main\AndroidManifest.xml
9        android:targetSdkVersion="31" />
9-->src\main\AndroidManifest.xml
10
11    <application
11-->src\main\AndroidManifest.xml:5:5-63:19
12        android:allowBackup="true"
12-->src\main\AndroidManifest.xml:6:9-35
13        android:appComponentFactory="androidx.core.app.CoreComponentFactory"
13-->[androidx.core:core:1.7.0] AndroidManifest.xml:24:18-86
14        android:dataExtractionRules="@xml/data_extraction_rules"
14-->src\main\AndroidManifest.xml:7:9-65
15        android:extractNativeLibs="false"
16        android:fullBackupContent="@xml/backup_rules"
16-->src\main\AndroidManifest.xml:8:9-54
17        android:icon="@mipmap/ic_launcher"
17-->src\main\AndroidManifest.xml:9:9-43
18        android:label="@string/app_name"
18-->src\main\AndroidManifest.xml:10:9-41
19        android:roundIcon="@mipmap/ic_launcher_round"
19-->src\main\AndroidManifest.xml:11:9-54
20        android:supportsRtl="true"
20-->src\main\AndroidManifest.xml:12:9-35
21        android:theme="@style/Theme.AndroidProject" >
21-->src\main\AndroidManifest.xml:13:9-52
22        <activity
22-->src\main\AndroidManifest.xml:15:9-27:20
23            android:name="com.example.androidproject.MainActivity"
23-->src\main\AndroidManifest.xml:16:13-41
24            android:exported="true" >
24-->src\main\AndroidManifest.xml:17:13-36
25            <intent-filter>
25-->src\main\AndroidManifest.xml:18:13-22:29
26                <action android:name="android.intent.action.MAIN" />
26-->src\main\AndroidManifest.xml:19:17-69
26-->src\main\AndroidManifest.xml:19:25-66
27
28                <category android:name="android.intent.category.LAUNCHER" />
28-->src\main\AndroidManifest.xml:21:17-77
28-->src\main\AndroidManifest.xml:21:27-74
29            </intent-filter>
30
31            <meta-data
31-->src\main\AndroidManifest.xml:24:13-26:36
32                android:name="android.app.lib_name"
32-->src\main\AndroidManifest.xml:25:17-52
33                android:value="" />
33-->src\main\AndroidManifest.xml:26:17-33
34        </activity>
35        <activity
35-->src\main\AndroidManifest.xml:29:9-32:20
36            android:name="com.example.androidproject.CalculatorActivity"
36-->src\main\AndroidManifest.xml:30:13-47
37            android:exported="true" >
37-->src\main\AndroidManifest.xml:31:13-36
38        </activity>
39        <activity
39-->src\main\AndroidManifest.xml:34:9-37:20
40            android:name="com.example.androidproject.CalculatorOrBmiActivity"
40-->src\main\AndroidManifest.xml:35:13-52
41            android:exported="true" >
41-->src\main\AndroidManifest.xml:36:13-36
42        </activity>
43        <activity
43-->src\main\AndroidManifest.xml:39:9-42:20
44            android:name="com.example.androidproject.BmiActivity"
44-->src\main\AndroidManifest.xml:40:13-40
45            android:exported="true" >
45-->src\main\AndroidManifest.xml:41:13-36
46        </activity>
47        <activity
47-->src\main\AndroidManifest.xml:44:9-47:20
48            android:name="com.example.androidproject.ListActivity"
48-->src\main\AndroidManifest.xml:45:13-41
49            android:exported="true" >
49-->src\main\AndroidManifest.xml:46:13-36
50        </activity>
51        <activity
51-->src\main\AndroidManifest.xml:49:9-52:20
52            android:name="com.example.androidproject.OddActivity"
52-->src\main\AndroidManifest.xml:50:13-40
53            android:exported="true" >
53-->src\main\AndroidManifest.xml:51:13-36
54        </activity>
55        <activity
55-->src\main\AndroidManifest.xml:54:9-57:20
56            android:name="com.example.androidproject.EvenActivity"
56-->src\main\AndroidManifest.xml:55:13-41
57            android:exported="true" >
57-->src\main\AndroidManifest.xml:56:13-36
58        </activity>
59
60        <provider
60-->[androidx.emoji2:emoji2:1.0.0] AndroidManifest.xml:26:9-34:20
61            android:name="androidx.startup.InitializationProvider"
61-->[androidx.emoji2:emoji2:1.0.0] AndroidManifest.xml:27:13-67
62            android:authorities="com.example.androidproject.androidx-startup"
62-->[androidx.emoji2:emoji2:1.0.0] AndroidManifest.xml:28:13-68
63            android:exported="false" >
63-->[androidx.emoji2:emoji2:1.0.0] AndroidManifest.xml:29:13-37
64            <meta-data
64-->[androidx.emoji2:emoji2:1.0.0] AndroidManifest.xml:31:13-33:52
65                android:name="androidx.emoji2.text.EmojiCompatInitializer"
65-->[androidx.emoji2:emoji2:1.0.0] AndroidManifest.xml:32:17-75
66                android:value="androidx.startup" />
66-->[androidx.emoji2:emoji2:1.0.0] AndroidManifest.xml:33:17-49
67            <meta-data
67-->[androidx.lifecycle:lifecycle-process:2.4.0] AndroidManifest.xml:31:13-33:52
68                android:name="androidx.lifecycle.ProcessLifecycleInitializer"
68-->[androidx.lifecycle:lifecycle-process:2.4.0] AndroidManifest.xml:32:17-78
69                android:value="androidx.startup" />
69-->[androidx.lifecycle:lifecycle-process:2.4.0] AndroidManifest.xml:33:17-49
70        </provider>
71    </application>
72
73</manifest>